USAGE:  ------------------------------------------------------------------ 
USAGE: |                  BDD Determinizer for SCOTSv2.0        :)\___/(: |
USAGE: |                       Software version 1.0             {(@)v(@)} |
USAGE: |                        DCSC, TU Delft, NL              {|~- -~|} |
USAGE: |            Copyright (C) Dr. Ivan S Zapreev, 2017-2018 {/^'^'^\} |
USAGE: |  ═════════════════════════════════════════════════════════m-m══  |
USAGE: |        This software is distributed under GPL 2.0 license        |
USAGE: |          (GPL stands for GNU General Public License)             |
USAGE: |          The product comes with ABSOLUTELY NO WARRANTY.          |
USAGE: |   This is a free software, you are welcome to redistribute it.   |
USAGE: |                     Running in 64 bit mode!                      |
USAGE: |                 Build on: May 28 2019 18:14:34                   |
USAGE:  ------------------------------------------------------------------ 
USAGE: The requested debug level is: 'RESULT', the maximum build level is 'INFO3' the set level is 'RESULT'
USAGE: Given BDD controller input file: './models/aircraft_bdd/controller'
USAGE: Given BDD controller output file: './models/aircraft_bdd/blgdet/determinized'
USAGE: The state-space dimensionality is: 3
USAGE: The final BDD variable reordering is: NOT NEEDED
USAGE: The final BDD grid extension is: NOT NEEDED
USAGE: The final constant scots compression is: NOT NEEDED
USAGE: The final linear scots compression is: NOT NEEDED
USAGE: The final constant bdd compression is: NOT NEEDED
USAGE: The final linear bdd compression is: NOT NEEDED
USAGE: The determinization algorithm: Local
USAGE: Started loading controller './models/aircraft_bdd/controller' ...
USAGE: The controller dimensionality is: 5
USAGE: The input-space dimensionality is: 2
USAGE: Loaded controller BDD with 662173 nodes.
USAGE: Loading controller './models/aircraft_bdd/controller' took 3.72634 CPU seconds.
USAGE: Action: 'Loading controller './models/aircraft_bdd/controller'' memory change:
USAGE: vmsize=+277 Mb, vmpeak=+284 Mb, vmrss=+278 Mb, vmhwm=+284 Mb
USAGE: Starting the BDD determinization ...
USAGE: Starting initializing space optimizer ...
USAGE: Start building determinization tree ...
USAGE: Bulding determinization tree took 78.3876 CPU seconds.
USAGE: Action: 'Bulding determinization tree' memory change:
USAGE: vmsize=+42 Mb, vmpeak=+42 Mb, vmrss=+42 Mb, vmhwm=+42 Mb
USAGE: Initializing space optimizer took 78.4564 CPU seconds.
USAGE: Action: 'Initializing space optimizer' memory change:
USAGE: vmsize=+94 Mb, vmpeak=+88 Mb, vmrss=+94 Mb, vmhwm=+88 Mb
USAGE: Starting converting binary tree into BDD ...
USAGE: Converting binary tree into BDD took 21.6305 CPU seconds.
USAGE: Action: 'Converting binary tree into BDD' memory change:
USAGE: vmsize=+0 Mb, vmpeak=+0 Mb, vmrss=+0 Mb, vmhwm=+0 Mb
USAGE: BDD determinization took 100.184 CPU seconds.
USAGE: Action: 'BDD determinization' memory change:
USAGE: vmsize=+43 Mb, vmpeak=+88 Mb, vmrss=+43 Mb, vmhwm=+88 Mb
RESULT: Resulting controller size, original: #nodes: 77962, #paths: 1.13801e+06
USAGE: Storing controller './models/aircraft_bdd/blgdet/determinized' ...
USAGE: Start storing './models/aircraft_bdd/blgdet/determinized' controller ...
USAGE: The resulting ./models/aircraft_bdd/blgdet/determinized.bdd size: 216019 bytes
USAGE: Storing controller took 0.0257835 CPU seconds.
USAGE: Action: 'Storing controller' memory change:
USAGE: vmsize=+0 Mb, vmpeak=+0 Mb, vmrss=+0 Mb, vmhwm=+0 Mb
USAGE: Finished
